<?xml version="1.0" encoding="UTF-8"?>
<testng-results skipped="0" failed="0" ignored="0" total="1" passed="1">
  <reporter-output>
  </reporter-output>
  <suite name="Default suite" duration-ms="41733" started-at="2020-08-25T07:48:21 IST" finished-at="2020-08-25T07:49:03 IST">
    <groups>
    </groups>
    <test name="Default test" duration-ms="41733" started-at="2020-08-25T07:48:21 IST" finished-at="2020-08-25T07:49:03 IST">
      <class name="com.training.sanity.tests.RTCC06UpdatePASSword">
        <test-method status="PASS" signature="setUpBeforeClass()[pri:0, instance:com.training.sanity.tests.RTCC06UpdatePASSword@2a17b7b6]" name="setUpBeforeClass" is-config="true" duration-ms="30" started-at="2020-08-25T07:48:21 IST" finished-at="2020-08-25T07:48:21 IST">
          <reporter-output>
          </reporter-output>
        </test-method> <!-- setUpBeforeClass -->
        <test-method status="PASS" signature="setUp()[pri:0, instance:com.training.sanity.tests.RTCC06UpdatePASSword@2a17b7b6]" name="setUp" is-config="true" duration-ms="22723" started-at="2020-08-25T07:48:21 IST" finished-at="2020-08-25T07:48:44 IST">
          <reporter-output>
          </reporter-output>
        </test-method> <!-- setUp -->
        <test-method status="PASS" signature="UpdatePassword()[pri:0, instance:com.training.sanity.tests.RTCC06UpdatePASSword@2a17b7b6]" name="UpdatePassword" duration-ms="16869" started-at="2020-08-25T07:48:44 IST" finished-at="2020-08-25T07:49:01 IST">
          <reporter-output>
          </reporter-output>
        </test-method> <!-- UpdatePassword -->
        <test-method status="PASS" signature="tearDown()[pri:0, instance:com.training.sanity.tests.RTCC06UpdatePASSword@2a17b7b6]" name="tearDown" is-config="true" duration-ms="1980" started-at="2020-08-25T07:49:01 IST" finished-at="2020-08-25T07:49:03 IST">
          <reporter-output>
          </reporter-output>
        </test-method> <!-- tearDown -->
      </class> <!-- com.training.sanity.tests.RTCC06UpdatePASSword -->
    </test> <!-- Default test -->
  </suite> <!-- Default suite -->
</testng-results>
