<?xml version="1.0" encoding="UTF-8"?>
<testng-results skipped="0" failed="0" ignored="0" total="1" passed="1">
  <reporter-output>
  </reporter-output>
  <suite name="Default suite" duration-ms="36727" started-at="2020-08-25T08:35:44 IST" finished-at="2020-08-25T08:36:21 IST">
    <groups>
    </groups>
    <test name="Default test" duration-ms="36727" started-at="2020-08-25T08:35:44 IST" finished-at="2020-08-25T08:36:21 IST">
      <class name="com.training.sanity.tests.RTTC04MYORDERS">
        <test-method status="PASS" signature="setUpBeforeClass()[pri:0, instance:com.training.sanity.tests.RTTC04MYORDERS@2a17b7b6]" name="setUpBeforeClass" is-config="true" duration-ms="14" started-at="2020-08-25T08:35:44 IST" finished-at="2020-08-25T08:35:44 IST">
          <reporter-output>
          </reporter-output>
        </test-method> <!-- setUpBeforeClass -->
        <test-method status="PASS" signature="setUp()[pri:0, instance:com.training.sanity.tests.RTTC04MYORDERS@2a17b7b6]" name="setUp" is-config="true" duration-ms="19918" started-at="2020-08-25T08:35:44 IST" finished-at="2020-08-25T08:36:04 IST">
          <reporter-output>
          </reporter-output>
        </test-method> <!-- setUp -->
        <test-method status="PASS" signature="MYORDERS()[pri:0, instance:com.training.sanity.tests.RTTC04MYORDERS@2a17b7b6]" name="MYORDERS" duration-ms="14861" started-at="2020-08-25T08:36:04 IST" finished-at="2020-08-25T08:36:19 IST">
          <reporter-output>
          </reporter-output>
        </test-method> <!-- MYORDERS -->
        <test-method status="PASS" signature="tearDown()[pri:0, instance:com.training.sanity.tests.RTTC04MYORDERS@2a17b7b6]" name="tearDown" is-config="true" duration-ms="1879" started-at="2020-08-25T08:36:19 IST" finished-at="2020-08-25T08:36:21 IST">
          <reporter-output>
          </reporter-output>
        </test-method> <!-- tearDown -->
      </class> <!-- com.training.sanity.tests.RTTC04MYORDERS -->
    </test> <!-- Default test -->
  </suite> <!-- Default suite -->
</testng-results>
